<?xml version="1.0" encoding="UTF-8"?>
<!-- Generated by org.testng.reporters.JUnitReportReporter -->
<testsuite hostname="DESKTOP-F4JT8EC" failures="0" tests="1" name="TestScript.FirstTest" time="16.989" errors="0" timestamp="2023-02-18T09:02:29 IST" skipped="0">
  <testcase classname="TestScript.FirstTest" name="firstTest" time="16.989"/>
  <system-out/>
</testsuite> <!-- TestScript.FirstTest -->
