<?xml version="1.0" encoding="UTF-8"?>
<!-- Generated by org.testng.reporters.JUnitReportReporter -->
<testsuite hostname="DESKTOP-F4JT8EC" failures="0" tests="1" name="TestScript.ThirdTest" time="33.237" errors="0" timestamp="2023-02-21T16:43:07 IST" skipped="0">
  <testcase classname="TestScript.ThirdTest" name="ThirdTest" time="33.237"/>
  <system-out/>
</testsuite> <!-- TestScript.ThirdTest -->
