<?xml version="1.0" encoding="UTF-8"?>
<!-- Generated by org.testng.reporters.JUnitReportReporter -->
<testsuite hostname="DESKTOP-F4JT8EC" failures="0" tests="1" name="TestScript.secondTest" time="22.353" errors="0" timestamp="2023-02-21T09:26:14 IST" skipped="0">
  <testcase classname="TestScript.secondTest" name="secondTest1" time="22.353"/>
  <system-out/>
</testsuite> <!-- TestScript.secondTest -->
