<?xml version="1.0" encoding="UTF-8"?>
<!-- Generated by org.testng.reporters.JUnitReportReporter -->
<testsuite hostname="DESKTOP-F4JT8EC" failures="0" tests="1" name="TestScript.secondTest" time="21.071" errors="0" timestamp="2023-02-18T09:57:11 IST" skipped="0">
  <testcase classname="TestScript.secondTest" name="secondTest1" time="21.071"/>
  <system-out/>
</testsuite> <!-- TestScript.secondTest -->
