<?xml version="1.0" encoding="UTF-8"?>
<!-- Generated by org.testng.reporters.JUnitReportReporter -->
<testsuite hostname="DESKTOP-F4JT8EC" failures="0" tests="1" name="TestScript.FourthTest" time="18.183" errors="0" timestamp="2023-02-21T09:20:39 IST" skipped="0">
  <testcase classname="TestScript.FourthTest" name="FourthTest1" time="18.183"/>
  <system-out/>
</testsuite> <!-- TestScript.FourthTest -->
